Building DAG of jobs...
Using shell: /usr/bin/bash
Provided cores: 1
Rules claiming more threads will be scaled down.
Job counts:
	count	jobs
	1	all
	1	format_rRNA
	2

[Tue May 25 15:13:42 2021]
rule format_rRNA:
    input: /projectnb/bradham/data/ReferenceSequences/wray-genome/rRNA.gff
    output: /projectnb/bradham/data/ReferenceSequences/modified-wray/rRNA.gff
    jobid: 1

[Tue May 25 15:13:43 2021]
Finished job 1.
1 of 2 steps (50%) done

[Tue May 25 15:13:43 2021]
localrule all:
    input: /projectnb/bradham/data/ReferenceSequences/modified-wray/rRNA.gff
    jobid: 0

[Tue May 25 15:13:43 2021]
Finished job 0.
2 of 2 steps (100%) done
Complete log: /projectnb2/bradham/workflows/lvar_anno/.snakemake/log/2021-05-25T151342.564681.snakemake.log
