Building DAG of jobs...
Using shell: /bin/bash
Provided cores: 1
Rules claiming more threads will be scaled down.
Job counts:
	count	jobs
	1	all
	1	combine_annos
	1	filter_overlaps
	1	format_rRNA
	4

[Fri May 28 12:00:22 2021]
rule filter_overlaps:
    input: /projectnb/bradham/data/ReferenceSequences/wray-genome/agat_sanitized_extended.gff, /projectnb/bradham/data/ReferenceSequences/tmp/overlap.bed
    output: /projectnb/bradham/data/ReferenceSequences/tmp/filtered.gff
    jobid: 3

Removing temporary output file /projectnb/bradham/data/ReferenceSequences/tmp/overlap.bed.
[Fri May 28 12:01:39 2021]
Finished job 3.
1 of 4 steps (25%) done

[Fri May 28 12:01:39 2021]
rule format_rRNA:
    input: /projectnb/bradham/data/ReferenceSequences/wray-genome/rRNA.gff
    output: /projectnb/bradham/data/ReferenceSequences/modified-wray-extended/rRNA.gff
    jobid: 4

[Fri May 28 12:01:39 2021]
Finished job 4.
2 of 4 steps (50%) done

[Fri May 28 12:01:39 2021]
rule combine_annos:
    input: /projectnb/bradham/data/ReferenceSequences/tmp/filtered.gff, /projectnb/bradham/data/ReferenceSequences/modified-wray-extended/rRNA.gff, /projectnb/bradham/data/ReferenceSequences/lv-mito-genome/l_var_mito_genome.gff
    output: /projectnb/bradham/data/ReferenceSequences/modified-wray-extended/L_var_w_mito_and_ribo.gff
    jobid: 2

Removing temporary output file /projectnb/bradham/data/ReferenceSequences/tmp/filtered.gff.
[Fri May 28 12:01:40 2021]
Finished job 2.
3 of 4 steps (75%) done

[Fri May 28 12:01:40 2021]
localrule all:
    input: /projectnb/bradham/data/ReferenceSequences/modified-wray-extended/L_var_w_mito_and_ribo.fa, /projectnb/bradham/data/ReferenceSequences/modified-wray-extended/L_var_w_mito_and_ribo.gff
    jobid: 0

[Fri May 28 12:01:40 2021]
Finished job 0.
4 of 4 steps (100%) done
Complete log: /projectnb2/bradham/workflows/lvar-anno/.snakemake/log/2021-05-28T120022.090337.snakemake.log
