Building DAG of jobs...
Using shell: /bin/bash
Provided cores: 1
Rules claiming more threads will be scaled down.
Job counts:
	count	jobs
	1	all
	1	combine_annos
	1	combine_fastas
	1	filter_overlaps
	1	format_rRNA
	1	gffs_to_bed
	1	rRNA_overlap
	7

[Fri May 28 10:57:45 2021]
rule combine_fastas:
    input: /projectnb/bradham/data/ReferenceSequences/wray-genome/Lvar_genome.fasta, /projectnb/bradham/data/ReferenceSequences/lv-mito-genome/l_var_mito_genome.fa
    output: /projectnb/bradham/data/ReferenceSequences/modified-wray-extended/L_var_w_mito_and_ribo.fa
    jobid: 1

[Fri May 28 10:57:58 2021]
Finished job 1.
1 of 7 steps (14%) done

[Fri May 28 10:57:58 2021]
rule gffs_to_bed:
    input: /projectnb/bradham/data/ReferenceSequences/wray-genome/rRNA.gff, /projectnb/bradham/data/ReferenceSequences/wray-genome/L_var_clean_utr_extended.gff
    output: /projectnb/bradham/data/ReferenceSequences/tmp/rRNA.bed, /projectnb/bradham/data/ReferenceSequences/tmp/genome.bed
    jobid: 6

[Fri May 28 10:58:00 2021]
Finished job 6.
2 of 7 steps (29%) done

[Fri May 28 10:58:00 2021]
rule rRNA_overlap:
    input: /projectnb/bradham/data/ReferenceSequences/tmp/rRNA.bed, /projectnb/bradham/data/ReferenceSequences/tmp/genome.bed
    output: /projectnb/bradham/data/ReferenceSequences/tmp/overlap.bed
    jobid: 5

Removing temporary output file /projectnb/bradham/data/ReferenceSequences/tmp/genome.bed.
Removing temporary output file /projectnb/bradham/data/ReferenceSequences/tmp/rRNA.bed.
[Fri May 28 10:58:01 2021]
Finished job 5.
3 of 7 steps (43%) done

[Fri May 28 10:58:01 2021]
rule filter_overlaps:
    input: /projectnb/bradham/data/ReferenceSequences/wray-genome/L_var_clean_utr_extended.gff, /projectnb/bradham/data/ReferenceSequences/tmp/overlap.bed
    output: /projectnb/bradham/data/ReferenceSequences/tmp/filtered.gff
    jobid: 3

[Fri May 28 10:58:02 2021]
Error in rule filter_overlaps:
    jobid: 3
    output: /projectnb/bradham/data/ReferenceSequences/tmp/filtered.gff

Shutting down, this might take some time.
Exiting because a job execution failed. Look above for error message
Complete log: /projectnb2/bradham/workflows/lvar-anno/.snakemake/log/2021-05-28T105744.969277.snakemake.log
