Building DAG of jobs...
Using shell: /bin/bash
Provided cores: 1
Rules claiming more threads will be scaled down.
Job counts:
	count	jobs
	1	all
	1	combine_annos
	1	combine_fastas
	3

[Tue May 25 19:51:51 2021]
rule combine_annos:
    input: /projectnb/bradham/data/ReferenceSequences/tmp/filtered.gff, /projectnb/bradham/data/ReferenceSequences/modified-wray/rRNA.gff, /projectnb/bradham/data/ReferenceSequences/lv-mito-genome/l_var_mito_genome.gff
    output: /projectnb/bradham/data/ReferenceSequences/modified-wray/L_var_w_mito_and_ribo.gff
    jobid: 2

Removing temporary output file /projectnb/bradham/data/ReferenceSequences/tmp/filtered.gff.
[Tue May 25 19:51:52 2021]
Finished job 2.
1 of 3 steps (33%) done

[Tue May 25 19:51:52 2021]
rule combine_fastas:
    input: /projectnb/bradham/data/ReferenceSequences/wray-genome/Lvar_genome.fasta, /projectnb/bradham/data/ReferenceSequences/lv-mito-genome/l_var_mito_genome.gff
    output: /projectnb/bradham/data/ReferenceSequences/modified-wray/L_var_w_mito_and_ribo.fa
    jobid: 1

[Tue May 25 19:52:07 2021]
Finished job 1.
2 of 3 steps (67%) done

[Tue May 25 19:52:07 2021]
localrule all:
    input: /projectnb/bradham/data/ReferenceSequences/modified-wray/L_var_w_mito_and_ribo.fa, /projectnb/bradham/data/ReferenceSequences/modified-wray/L_var_w_mito_and_ribo.gff
    jobid: 0

[Tue May 25 19:52:07 2021]
Finished job 0.
3 of 3 steps (100%) done
Complete log: /projectnb2/bradham/workflows/lvar_anno/.snakemake/log/2021-05-25T195151.735348.snakemake.log
