Building DAG of jobs...
Using shell: /bin/bash
Provided cores: 1
Rules claiming more threads will be scaled down.
Job counts:
	count	jobs
	1	all
	1	filter_overlaps
	1	gffs_to_bed
	1	rRNA_overlap
	4

[Tue May 25 16:26:16 2021]
rule gffs_to_bed:
    input: /projectnb/bradham/data/ReferenceSequences/wray-genome/rRNA.gff, /projectnb/bradham/data/ReferenceSequences/wray-genome/L_var_clean.gff
    output: /projectnb/bradham/data/ReferenceSequences/tmp/rRNA.bed, /projectnb/bradham/data/ReferenceSequences/tmp/genome.bed
    jobid: 3

[Tue May 25 16:26:18 2021]
Finished job 3.
1 of 4 steps (25%) done

[Tue May 25 16:26:18 2021]
rule rRNA_overlap:
    input: /projectnb/bradham/data/ReferenceSequences/tmp/rRNA.bed, /projectnb/bradham/data/ReferenceSequences/tmp/genome.bed
    output: /projectnb/bradham/data/ReferenceSequences/tmp/overlap.bed
    jobid: 2

Removing temporary output file /projectnb/bradham/data/ReferenceSequences/tmp/rRNA.bed.
Removing temporary output file /projectnb/bradham/data/ReferenceSequences/tmp/genome.bed.
[Tue May 25 16:26:18 2021]
Finished job 2.
2 of 4 steps (50%) done

[Tue May 25 16:26:18 2021]
rule filter_overlaps:
    input: /projectnb/bradham/data/ReferenceSequences/wray-genome/L_var_clean.gff, /projectnb/bradham/data/ReferenceSequences/tmp/overlap.bed
    output: /projectnb/bradham/data/ReferenceSequences/tmp/filtered.gff
    jobid: 1

[Tue May 25 16:27:38 2021]
Finished job 1.
3 of 4 steps (75%) done

[Tue May 25 16:27:38 2021]
localrule all:
    input: /projectnb/bradham/data/ReferenceSequences/tmp/filtered.gff
    jobid: 0

[Tue May 25 16:27:38 2021]
Finished job 0.
4 of 4 steps (100%) done
Complete log: /projectnb2/bradham/workflows/lvar_anno/.snakemake/log/2021-05-25T162616.578744.snakemake.log
