Building DAG of jobs...
Using shell: /bin/bash
Provided cores: 1
Rules claiming more threads will be scaled down.
Job counts:
	count	jobs
	1	all
	1	gffs_to_bed
	1	rRNA_overlap
	3

[Tue May 25 15:42:09 2021]
rule gffs_to_bed:
    input: /projectnb/bradham/data/ReferenceSequences/wray-genome/rRNA.gff, /projectnb/bradham/data/ReferenceSequences/wray-genome/L_var_clean.gff
    output: /projectnb/bradham/data/ReferenceSequences/tmp/rRNA.bed, /projectnb/bradham/data/ReferenceSequences/tmp/genome.bed
    jobid: 2

[Tue May 25 15:42:11 2021]
Finished job 2.
1 of 3 steps (33%) done

[Tue May 25 15:42:11 2021]
rule rRNA_overlap:
    input: /projectnb/bradham/data/ReferenceSequences/tmp/rRNA.bed, /projectnb/bradham/data/ReferenceSequences/tmp/genome.bed
    output: /projectnb/bradham/data/ReferenceSequences/tmp/overlap.bed
    jobid: 1

Removing temporary output file /projectnb/bradham/data/ReferenceSequences/tmp/rRNA.bed.
Removing temporary output file /projectnb/bradham/data/ReferenceSequences/tmp/genome.bed.
[Tue May 25 15:42:11 2021]
Finished job 1.
2 of 3 steps (67%) done

[Tue May 25 15:42:11 2021]
localrule all:
    input: /projectnb/bradham/data/ReferenceSequences/tmp/overlap.bed
    jobid: 0

[Tue May 25 15:42:11 2021]
Finished job 0.
3 of 3 steps (100%) done
Complete log: /projectnb2/bradham/workflows/lvar_anno/.snakemake/log/2021-05-25T154209.040155.snakemake.log
